Flow report for ARM_System
Thu Oct 13 18:44:16 2011
Quartus II Version 11.0 Build 208 07/03/2011 Service Pack 1 SJ Web Edition


---------------------
; Table of Contents ;
---------------------
  1. Legal Notice
  2. Flow Summary
  3. Flow Settings
  4. Flow Non-Default Global Settings
  5. Flow Elapsed Time
  6. Flow OS Summary
  7. Flow Log



----------------
; Legal Notice ;
----------------
Copyright (C) 1991-2011 Altera Corporation
Your use of Altera Corporation's design tools, logic functions 
and other software and tools, and its AMPP partner logic 
functions, and any output files from any of the foregoing 
(including device programming or simulation files), and any 
associated documentation or information are expressly subject 
to the terms and conditions of the Altera Program License 
Subscription Agreement, Altera MegaCore Function License 
Agreement, or other applicable license agreement, including, 
without limitation, that your use is for the sole purpose of 
programming logic devices manufactured by Altera and sold by 
Altera or its authorized distributors.  Please refer to the 
applicable agreement for further details.



+------------------------------------------------------------------------------------+
; Flow Summary                                                                       ;
+------------------------------------+-----------------------------------------------+
; Flow Status                        ; Successful - Thu Oct 13 18:44:14 2011         ;
; Quartus II Version                 ; 11.0 Build 208 07/03/2011 SP 1 SJ Web Edition ;
; Revision Name                      ; ARM_System                                    ;
; Top-level Entity Name              ; ARM_System                                    ;
; Family                             ; Cyclone II                                    ;
; Device                             ; EP2C35F672C6                                  ;
; Timing Models                      ; Final                                         ;
; Total logic elements               ; 2,065 / 33,216 ( 6 % )                        ;
;     Total combinational functions  ; 1,983 / 33,216 ( 6 % )                        ;
;     Dedicated logic registers      ; 1,236 / 33,216 ( 4 % )                        ;
; Total registers                    ; 1236                                          ;
; Total pins                         ; 108 / 475 ( 23 % )                            ;
; Total virtual pins                 ; 0                                             ;
; Total memory bits                  ; 65,536 / 483,840 ( 14 % )                     ;
; Embedded Multiplier 9-bit elements ; 0 / 70 ( 0 % )                                ;
; Total PLLs                         ; 1 / 4 ( 25 % )                                ;
+------------------------------------+-----------------------------------------------+


+-----------------------------------------+
; Flow Settings                           ;
+-------------------+---------------------+
; Option            ; Setting             ;
+-------------------+---------------------+
; Start date & time ; 10/13/2011 18:43:30 ;
; Main task         ; Compilation         ;
; Revision Name     ; ARM_System          ;
+-------------------+---------------------+


+--------------------------------------------------------------------------------------------------------------------------------------------------+
; Flow Non-Default Global Settings                                                                                                                 ;
+-------------------------------------+-------------------------------------------------------------+---------------+-------------+----------------+
; Assignment Name                     ; Value                                                       ; Default Value ; Entity Name ; Section Id     ;
+-------------------------------------+-------------------------------------------------------------+---------------+-------------+----------------+
; COMPILER_SIGNATURE_ID               ; 218772120405054.131849900933744                             ; --            ; --          ; --             ;
; IP_TOOL_NAME                        ; RAM: 2-PORT                                                 ; --            ; --          ; --             ;
; IP_TOOL_VERSION                     ; 9.1                                                         ; --            ; --          ; --             ;
; MAX_CORE_JUNCTION_TEMP              ; 85                                                          ; --            ; --          ; --             ;
; MIN_CORE_JUNCTION_TEMP              ; 0                                                           ; --            ; --          ; --             ;
; MISC_FILE                           ; ../ARM_System/Alera_Mem_Dual_Port/ram2port_inst_data.bsf    ; --            ; --          ; --             ;
; MISC_FILE                           ; ../ARM_System/Alera_Mem_Dual_Port/ram2port_inst_data_inst.v ; --            ; --          ; --             ;
; MISC_FILE                           ; ../ARM_System/Alera_Mem_Dual_Port/ram2port_inst_data_bb.v   ; --            ; --          ; --             ;
; MISC_FILE                           ; ../ARM_System/Alera_Mem_Dual_Port/ram2port_inst_data.inc    ; --            ; --          ; --             ;
; MISC_FILE                           ; ../ARM_System/Alera_Mem_Dual_Port/ram2port_inst_data.cmp    ; --            ; --          ; --             ;
; PARTITION_COLOR                     ; 16764057                                                    ; --            ; --          ; Top            ;
; PARTITION_FITTER_PRESERVATION_LEVEL ; PLACEMENT_AND_ROUTING                                       ; --            ; --          ; Top            ;
; PARTITION_NETLIST_TYPE              ; SOURCE                                                      ; --            ; --          ; Top            ;
; USE_GENERATED_PHYSICAL_CONSTRAINTS  ; Off                                                         ; --            ; --          ; eda_blast_fpga ;
+-------------------------------------+-------------------------------------------------------------+---------------+-------------+----------------+


+-------------------------------------------------------------------------------------------------------------------------------+
; Flow Elapsed Time                                                                                                             ;
+---------------------------+--------------+-------------------------+---------------------+------------------------------------+
; Module Name               ; Elapsed Time ; Average Processors Used ; Peak Virtual Memory ; Total CPU Time (on all processors) ;
+---------------------------+--------------+-------------------------+---------------------+------------------------------------+
; Analysis & Synthesis      ; 00:00:15     ; 1.0                     ; 274 MB              ; 00:00:15                           ;
; Fitter                    ; 00:00:17     ; 1.0                     ; 363 MB              ; 00:00:17                           ;
; Assembler                 ; 00:00:04     ; 1.0                     ; 291 MB              ; 00:00:04                           ;
; TimeQuest Timing Analyzer ; 00:00:07     ; 1.0                     ; 265 MB              ; 00:00:06                           ;
; Total                     ; 00:00:43     ; --                      ; --                  ; 00:00:42                           ;
+---------------------------+--------------+-------------------------+---------------------+------------------------------------+


+----------------------------------------------------------------------------------------+
; Flow OS Summary                                                                        ;
+---------------------------+------------------+-----------+------------+----------------+
; Module Name               ; Machine Hostname ; OS Name   ; OS Version ; Processor type ;
+---------------------------+------------------+-----------+------------+----------------+
; Analysis & Synthesis      ; Minyong-PC       ; Windows 7 ; 6.1        ; i686           ;
; Fitter                    ; Minyong-PC       ; Windows 7 ; 6.1        ; i686           ;
; Assembler                 ; Minyong-PC       ; Windows 7 ; 6.1        ; i686           ;
; TimeQuest Timing Analyzer ; Minyong-PC       ; Windows 7 ; 6.1        ; i686           ;
+---------------------------+------------------+-----------+------------+----------------+


------------
; Flow Log ;
------------
quartus_map --read_settings_files=on --write_settings_files=off ARM_System -c ARM_System
quartus_fit --read_settings_files=off --write_settings_files=off ARM_System -c ARM_System
quartus_asm --read_settings_files=off --write_settings_files=off ARM_System -c ARM_System
quartus_sta ARM_System -c ARM_System



